[14.05.2020 / 21:00:47][Server thread => Info] Searching for Subscribtions in class com.syntaxphoenix.realistic.antileak.Munemitsu (static)
[14.05.2020 / 21:00:47][Server thread => Info] Found 0 Fields
[14.05.2020 / 21:00:47][Server thread => Info] Found 1 Methods
[14.05.2020 / 21:00:47][Server thread => Debug] [MESSAGE / CONSOLE] => &8[&6RWG&8] &7&eLoading Schematics...
[14.05.2020 / 21:01:59][Server thread => Debug] [MESSAGE / CONSOLE] => &8[&6RWG&8] &7&aSchematics loaded successfully! &8[&b335 &8/ &3335&8]
[14.05.2020 / 21:01:59][Server thread => Info] Skipped downloads!
[14.05.2020 / 21:01:59][Server thread => Info] RealisticWorldGenerator: 4.1
[14.05.2020 / 21:01:59][Server thread => Info] Server: 1.15.2-R0.1-SNAPSHOT / git-Spigot-2f5d615-d07a78b (MC: 1.15.2)
[14.05.2020 / 21:02:05][Server thread => Debug] loading command "help"...
[14.05.2020 / 21:02:05][Server thread => Debug] loading command "help" completed!
[14.05.2020 / 21:02:05][Server thread => Debug] registering command...
[14.05.2020 / 21:02:05][Server thread => Debug] loading command "help"..."
[14.05.2020 / 21:02:05][Server thread => Debug] loading command "position"...
[14.05.2020 / 21:02:05][Server thread => Debug] loading command "position" completed!
[14.05.2020 / 21:02:05][Server thread => Debug] registering command...
[14.05.2020 / 21:02:05][Server thread => Debug] loading command "position"..."
[14.05.2020 / 21:02:05][Server thread => Debug] loading command "config"...
[14.05.2020 / 21:02:05][Server thread => Debug] loading command "config" completed!
[14.05.2020 / 21:02:05][Server thread => Debug] registering command...
[14.05.2020 / 21:02:05][Server thread => Debug] loading command "config"..."
[14.05.2020 / 21:02:05][Server thread => Debug] loading command "schematic"...
[14.05.2020 / 21:02:05][Server thread => Debug] loading command "schematic" completed!
[14.05.2020 / 21:02:05][Server thread => Debug] registering command...
[14.05.2020 / 21:02:05][Server thread => Debug] loading command "schematic"..."
[14.05.2020 / 21:02:05][Server thread => Debug] loading command "chests"...
[14.05.2020 / 21:02:05][Server thread => Debug] loading command "chests" completed!
[14.05.2020 / 21:02:05][Server thread => Debug] registering command...
[14.05.2020 / 21:02:05][Server thread => Debug] loading command "chests"..."
[14.05.2020 / 21:02:05][Server thread => Debug] loading command "alias"...
[14.05.2020 / 21:02:05][Server thread => Debug] loading command "alias" completed!
[14.05.2020 / 21:02:05][Server thread => Debug] registering command...
[14.05.2020 / 21:02:05][Server thread => Debug] loading command "alias"..."
[14.05.2020 / 21:02:05][Server thread => Debug] loading command "version"...
[14.05.2020 / 21:02:05][Server thread => Debug] loading command "version" completed!
[14.05.2020 / 21:02:05][Server thread => Debug] registering command...
[14.05.2020 / 21:02:05][Server thread => Debug] loading command "version"..."
[14.05.2020 / 21:02:05][Server thread => Debug] loading command "timings"...
[14.05.2020 / 21:02:05][Server thread => Debug] loading command "timings" completed!
[14.05.2020 / 21:02:05][Server thread => Debug] registering command...
[14.05.2020 / 21:02:05][Server thread => Debug] loading command "timings"..."
[14.05.2020 / 21:02:05][Server thread => Debug] loading command "installation"...
[14.05.2020 / 21:02:05][Server thread => Debug] loading command "installation" completed!
[14.05.2020 / 21:02:05][Server thread => Debug] registering command...
[14.05.2020 / 21:02:05][Server thread => Debug] loading command "installation"..."
[14.05.2020 / 21:02:05][Server thread => Debug] loading command "permissions"...
[14.05.2020 / 21:02:05][Server thread => Debug] loading command "permissions" completed!
[14.05.2020 / 21:02:05][Server thread => Debug] registering command...
[14.05.2020 / 21:02:05][Server thread => Debug] loading command "permissions"..."
[14.05.2020 / 21:02:05][Server thread => Debug] loading command "randomtp"...
[14.05.2020 / 21:02:05][Server thread => Debug] loading command "randomtp" completed!
[14.05.2020 / 21:02:05][Server thread => Debug] registering command...
[14.05.2020 / 21:02:05][Server thread => Debug] loading command "randomtp"..."
[14.05.2020 / 21:02:05][Server thread => Debug] loading command "thread"...
[14.05.2020 / 21:02:05][Server thread => Debug] loading command "thread" completed!
[14.05.2020 / 21:02:05][Server thread => Debug] registering command...
[14.05.2020 / 21:02:05][Server thread => Debug] loading command "thread"..."
[14.05.2020 / 21:04:47][Server thread => Debug] [MESSAGE / Envel] => §8[§6RWG§8] §7RealisticWorldGenerator with Version &a4.1&7 is &aenabled
[14.05.2020 / 21:04:47][Server thread => Debug] [MESSAGE / Envel] => §8[§6RWG§8] §7Use &c/rwg installation &7for help!
